This is pdfTeX, Version 3.1415926-2.5-1.40.14 (TeX Live 2013) (format=pdflatex 2013.6.22)  10 APR 2014 23:41
entering extended mode
 restricted \write18 enabled.
 %&-line parsing enabled.
**cs296_report_21
(./cs296_report_21.tex
LaTeX2e <2011/06/27>
Babel <3.9f> and hyphenation patterns for 78 languages loaded.
(/usr/local/texlive/2013/texmf-dist/tex/latex/base/article.cls
Document Class: article 2007/10/19 v1.4h Standard LaTeX document class
(/usr/local/texlive/2013/texmf-dist/tex/latex/base/size11.clo
File: size11.clo 2007/10/19 v1.4h Standard LaTeX file (size option)
)
\c@part=\count79
\c@section=\count80
\c@subsection=\count81
\c@subsubsection=\count82
\c@paragraph=\count83
\c@subparagraph=\count84
\c@figure=\count85
\c@table=\count86
\abovecaptionskip=\skip41
\belowcaptionskip=\skip42
\bibindent=\dimen102
)
(/usr/local/texlive/2013/texmf-dist/tex/latex/geometry/geometry.sty
Package: geometry 2010/09/12 v5.6 Page Geometry

(/usr/local/texlive/2013/texmf-dist/tex/latex/graphics/keyval.sty
Package: keyval 1999/03/16 v1.13 key=value parser (DPC)
\KV@toks@=\toks14
)
(/usr/local/texlive/2013/texmf-dist/tex/generic/oberdiek/ifpdf.sty
Package: ifpdf 2011/01/30 v2.3 Provides the ifpdf switch (HO)
Package ifpdf Info: pdfTeX in PDF mode is detected.
)
(/usr/local/texlive/2013/texmf-dist/tex/generic/oberdiek/ifvtex.sty
Package: ifvtex 2010/03/01 v1.5 Detect VTeX and its facilities (HO)
Package ifvtex Info: VTeX not detected.
)
(/usr/local/texlive/2013/texmf-dist/tex/generic/ifxetex/ifxetex.sty
Package: ifxetex 2010/09/12 v0.6 Provides ifxetex conditional
)
\Gm@cnth=\count87
\Gm@cntv=\count88
\c@Gm@tempcnt=\count89
\Gm@bindingoffset=\dimen103
\Gm@wd@mp=\dimen104
\Gm@odd@mp=\dimen105
\Gm@even@mp=\dimen106
\Gm@layoutwidth=\dimen107
\Gm@layoutheight=\dimen108
\Gm@layouthoffset=\dimen109
\Gm@layoutvoffset=\dimen110
\Gm@dimlist=\toks15
)
(/usr/local/texlive/2013/texmf-dist/tex/latex/graphics/graphicx.sty
Package: graphicx 1999/02/16 v1.0f Enhanced LaTeX Graphics (DPC,SPQR)

(/usr/local/texlive/2013/texmf-dist/tex/latex/graphics/graphics.sty
Package: graphics 2009/02/05 v1.0o Standard LaTeX Graphics (DPC,SPQR)

(/usr/local/texlive/2013/texmf-dist/tex/latex/graphics/trig.sty
Package: trig 1999/03/16 v1.09 sin cos tan (DPC)
)
(/usr/local/texlive/2013/texmf-dist/tex/latex/latexconfig/graphics.cfg
File: graphics.cfg 2010/04/23 v1.9 graphics configuration of TeX Live
)
Package graphics Info: Driver file: pdftex.def on input line 91.

(/usr/local/texlive/2013/texmf-dist/tex/latex/pdftex-def/pdftex.def
File: pdftex.def 2011/05/27 v0.06d Graphics/color for pdfTeX

(/usr/local/texlive/2013/texmf-dist/tex/generic/oberdiek/infwarerr.sty
Package: infwarerr 2010/04/08 v1.3 Providing info/warning/error messages (HO)
)
(/usr/local/texlive/2013/texmf-dist/tex/generic/oberdiek/ltxcmds.sty
Package: ltxcmds 2011/11/09 v1.22 LaTeX kernel commands for general use (HO)
)
\Gread@gobject=\count90
))
\Gin@req@height=\dimen111
\Gin@req@width=\dimen112
)
(/usr/local/texlive/2013/texmf-dist/tex/latex/amsmath/amsmath.sty
Package: amsmath 2013/01/14 v2.14 AMS math features
\@mathmargin=\skip43

For additional information on amsmath, use the `?' option.
(/usr/local/texlive/2013/texmf-dist/tex/latex/amsmath/amstext.sty
Package: amstext 2000/06/29 v2.01

(/usr/local/texlive/2013/texmf-dist/tex/latex/amsmath/amsgen.sty
File: amsgen.sty 1999/11/30 v2.0
\@emptytoks=\toks16
\ex@=\dimen113
))
(/usr/local/texlive/2013/texmf-dist/tex/latex/amsmath/amsbsy.sty
Package: amsbsy 1999/11/29 v1.2d
\pmbraise@=\dimen114
)
(/usr/local/texlive/2013/texmf-dist/tex/latex/amsmath/amsopn.sty
Package: amsopn 1999/12/14 v2.01 operator names
)
\inf@bad=\count91
LaTeX Info: Redefining \frac on input line 210.
\uproot@=\count92
\leftroot@=\count93
LaTeX Info: Redefining \overline on input line 306.
\classnum@=\count94
\DOTSCASE@=\count95
LaTeX Info: Redefining \ldots on input line 378.
LaTeX Info: Redefining \dots on input line 381.
LaTeX Info: Redefining \cdots on input line 466.
\Mathstrutbox@=\box26
\strutbox@=\box27
\big@size=\dimen115
LaTeX Font Info:    Redeclaring font encoding OML on input line 566.
LaTeX Font Info:    Redeclaring font encoding OMS on input line 567.
\macc@depth=\count96
\c@MaxMatrixCols=\count97
\dotsspace@=\muskip10
\c@parentequation=\count98
\dspbrk@lvl=\count99
\tag@help=\toks17
\row@=\count100
\column@=\count101
\maxfields@=\count102
\andhelp@=\toks18
\eqnshift@=\dimen116
\alignsep@=\dimen117
\tagshift@=\dimen118
\tagwidth@=\dimen119
\totwidth@=\dimen120
\lineht@=\dimen121
\@envbody=\toks19
\multlinegap=\skip44
\multlinetaggap=\skip45
\mathdisplay@stack=\toks20
LaTeX Info: Redefining \[ on input line 2665.
LaTeX Info: Redefining \] on input line 2666.
)
(./cs296_report_21.aux)
\openout1 = `cs296_report_21.aux'.

LaTeX Font Info:    Checking defaults for OML/cmm/m/it on input line 9.
LaTeX Font Info:    ... okay on input line 9.
LaTeX Font Info:    Checking defaults for T1/cmr/m/n on input line 9.
LaTeX Font Info:    ... okay on input line 9.
LaTeX Font Info:    Checking defaults for OT1/cmr/m/n on input line 9.
LaTeX Font Info:    ... okay on input line 9.
LaTeX Font Info:    Checking defaults for OMS/cmsy/m/n on input line 9.
LaTeX Font Info:    ... okay on input line 9.
LaTeX Font Info:    Checking defaults for OMX/cmex/m/n on input line 9.
LaTeX Font Info:    ... okay on input line 9.
LaTeX Font Info:    Checking defaults for U/cmr/m/n on input line 9.
LaTeX Font Info:    ... okay on input line 9.

*geometry* driver: auto-detecting
*geometry* detected driver: pdftex
*geometry* verbose mode - [ preamble ] result:
* driver: pdftex
* paper: <default>
* layout: <same size as paper>
* layoutoffset:(h,v)=(0.0pt,0.0pt)
* modes: 
* h-part:(L,W,R)=(36.135pt, 542.02501pt, 36.135pt)
* v-part:(T,H,B)=(72.26999pt, 650.43001pt, 72.26999pt)
* \paperwidth=614.295pt
* \paperheight=794.96999pt
* \textwidth=542.02501pt
* \textheight=650.43001pt
* \oddsidemargin=-36.135pt
* \evensidemargin=-36.135pt
* \topmargin=-37.0pt
* \headheight=12.0pt
* \headsep=25.0pt
* \topskip=11.0pt
* \footskip=30.0pt
* \marginparwidth=59.0pt
* \marginparsep=10.0pt
* \columnsep=10.0pt
* \skip\footins=10.0pt plus 4.0pt minus 2.0pt
* \hoffset=0.0pt
* \voffset=0.0pt
* \mag=1000
* \@twocolumnfalse
* \@twosidefalse
* \@mparswitchfalse
* \@reversemarginfalse
* (1in=72.27pt=25.4mm, 1cm=28.453pt)

(/usr/local/texlive/2013/texmf-dist/tex/context/base/supp-pdf.mkii
[Loading MPS to PDF converter (version 2006.09.02).]
\scratchcounter=\count103
\scratchdimen=\dimen122
\scratchbox=\box28
\nofMPsegments=\count104
\nofMParguments=\count105
\everyMPshowfont=\toks21
\MPscratchCnt=\count106
\MPscratchDim=\dimen123
\MPnumerator=\count107
\makeMPintoPDFobject=\count108
\everyMPtoPDFconversion=\toks22
) (/usr/local/texlive/2013/texmf-dist/tex/generic/oberdiek/pdftexcmds.sty
Package: pdftexcmds 2011/11/29 v0.20 Utility functions of pdfTeX for LuaTeX (HO
)

(/usr/local/texlive/2013/texmf-dist/tex/generic/oberdiek/ifluatex.sty
Package: ifluatex 2010/03/01 v1.3 Provides the ifluatex switch (HO)
Package ifluatex Info: LuaTeX not detected.
)
Package pdftexcmds Info: LuaTeX not detected.
Package pdftexcmds Info: \pdf@primitive is available.
Package pdftexcmds Info: \pdf@ifprimitive is available.
Package pdftexcmds Info: \pdfdraftmode found.
)
(/usr/local/texlive/2013/texmf-dist/tex/latex/oberdiek/epstopdf-base.sty
Package: epstopdf-base 2010/02/09 v2.5 Base part for package epstopdf

(/usr/local/texlive/2013/texmf-dist/tex/latex/oberdiek/grfext.sty
Package: grfext 2010/08/19 v1.1 Manage graphics extensions (HO)

(/usr/local/texlive/2013/texmf-dist/tex/generic/oberdiek/kvdefinekeys.sty
Package: kvdefinekeys 2011/04/07 v1.3 Define keys (HO)
))
(/usr/local/texlive/2013/texmf-dist/tex/latex/oberdiek/kvoptions.sty
Package: kvoptions 2011/06/30 v3.11 Key value format for package options (HO)

(/usr/local/texlive/2013/texmf-dist/tex/generic/oberdiek/kvsetkeys.sty
Package: kvsetkeys 2012/04/25 v1.16 Key value parser (HO)

(/usr/local/texlive/2013/texmf-dist/tex/generic/oberdiek/etexcmds.sty
Package: etexcmds 2011/02/16 v1.5 Avoid name clashes with e-TeX commands (HO)
Package etexcmds Info: Could not find \expanded.
(etexcmds)             That can mean that you are not using pdfTeX 1.50 or
(etexcmds)             that some package has redefined \expanded.
(etexcmds)             In the latter case, load this package earlier.
)))
Package grfext Info: Graphics extension search list:
(grfext)             [.png,.pdf,.jpg,.mps,.jpeg,.jbig2,.jb2,.PNG,.PDF,.JPG,.JPE
G,.JBIG2,.JB2,.eps]
(grfext)             \AppendGraphicsExtensions on input line 452.

(/usr/local/texlive/2013/texmf-dist/tex/latex/latexconfig/epstopdf-sys.cfg
File: epstopdf-sys.cfg 2010/07/13 v1.3 Configuration of (r)epstopdf for TeX Liv
e
))
[1

{/usr/local/texlive/2013/texmf-var/fonts/map/pdftex/updmap/pdftex.map}]
(./cs296_report_21.toc)
\tf@toc=\write3
\openout3 = `cs296_report_21.toc'.

 [2] <../plots/our.png, id=15, 415.954pt x 489.83pt>
File: ../plots/our.png Graphic file (type png)

<use ../plots/our.png>
Package pdftex.def Info: ../plots/our.png used on input line 38.
(pdftex.def)             Requested size: 207.97649pt x 244.9144pt.

Underfull \hbox (badness 10000) in paragraph at lines 41--42

 []

<../plots/full.png, id=17, 493.845pt x 609.27625pt>
File: ../plots/full.png Graphic file (type png)
 <use ../plots/full.png>
Package pdftex.def Info: ../plots/full.png used on input line 47.
(pdftex.def)             Requested size: 246.92189pt x 304.63737pt.

[3 <../plots/our.png>]
Underfull \hbox (badness 10000) in paragraph at lines 50--52

 []

[4 <../plots/full.png>]
<../plots/flippers.png, id=26, 171.64125pt x 75.28125pt>
File: ../plots/flippers.png Graphic file (type png)

<use ../plots/flippers.png>
Package pdftex.def Info: ../plots/flippers.png used on input line 69.
(pdftex.def)             Requested size: 85.8204pt x 37.64052pt.

<../plots/triangles.jpg, id=27, 289.08pt x 101.37875pt>
File: ../plots/triangles.jpg Graphic file (type jpg)

<use ../plots/triangles.jpg>
Package pdftex.def Info: ../plots/triangles.jpg used on input line 76.
(pdftex.def)             Requested size: 144.53964pt x 50.68924pt.

<../plots/darkhole1.png, id=28, 123.46124pt x 160.6pt>
File: ../plots/darkhole1.png Graphic file (type png)

<use ../plots/darkhole1.png>
Package pdftex.def Info: ../plots/darkhole1.png used on input line 86.
(pdftex.def)             Requested size: 61.73045pt x 80.29979pt.

<../plots/darkhole2.png, id=29, 85.31876pt x 77.28876pt>
File: ../plots/darkhole2.png Graphic file (type png)

<use ../plots/darkhole2.png>
Package pdftex.def Info: ../plots/darkhole2.png used on input line 90.
(pdftex.def)             Requested size: 42.65926pt x 38.64427pt.
 [5 <../plots/flippers.png> <../plots/triangles.jpg> <../plots/darkhole1.png> <
../plots/darkhole2.png>]
<../plots/spinner.png, id=36, 93.34875pt x 84.315pt>
File: ../plots/spinner.png Graphic file (type png)

<use ../plots/spinner.png>
Package pdftex.def Info: ../plots/spinner.png used on input line 97.
(pdftex.def)             Requested size: 46.67426pt x 42.15738pt.

<../plots/launcher.png, id=37, 69.25874pt x 103.38625pt>
File: ../plots/launcher.png Graphic file (type png)

<use ../plots/launcher.png>
Package pdftex.def Info: ../plots/launcher.png used on input line 104.
(pdftex.def)             Requested size: 34.62927pt x 51.693pt.

<../plots/conveyer.png, id=38, 328.22626pt x 96.36pt>
File: ../plots/conveyer.png Graphic file (type png)

<use ../plots/conveyer.png>
Package pdftex.def Info: ../plots/conveyer.png used on input line 111.
(pdftex.def)             Requested size: 164.11272pt x 48.17987pt.

<../plots/bumperballs.png, id=39, 140.525pt x 150.5625pt>
File: ../plots/bumperballs.png Graphic file (type png)

<use ../plots/bumperballs.png>
Package pdftex.def Info: ../plots/bumperballs.png used on input line 122.
(pdftex.def)             Requested size: 70.26231pt x 75.28105pt.
 [6 <../plots/spinner.png> <../plots/launcher.png> <../plots/conveyer.png> <../
plots/bumperballs.png>]
<../plots/release.png, id=47, 1371.1225pt x 770.88pt>
File: ../plots/release.png Graphic file (type png)

<use ../plots/release.png>
Package pdftex.def Info: ../plots/release.png used on input line 133.
(pdftex.def)             Requested size: 685.55957pt x 385.43906pt.

Overfull \hbox (143.53456pt too wide) in paragraph at lines 133--133
 [] 
 []

<../plots/debug.png, id=48, 1371.1225pt x 770.88pt>
File: ../plots/debug.png Graphic file (type png)
 <use ../plots/debug.png>
Package pdftex.def Info: ../plots/debug.png used on input line 137.
(pdftex.def)             Requested size: 685.55957pt x 385.43906pt.

Overfull \hbox (143.53456pt too wide) in paragraph at lines 137--137
 [] 
 []

[7 <../plots/release.png>]
<../plots/releaseoutput.png, id=53, 5869.93pt x 2414.01875pt>
File: ../plots/releaseoutput.png Graphic file (type png)

<use ../plots/releaseoutput.png>
Package pdftex.def Info: ../plots/releaseoutput.png used on input line 142.
(pdftex.def)             Requested size: 587.02739pt x 241.41602pt.

Overfull \hbox (45.00238pt too wide) in paragraph at lines 142--142
 [] 
 []

[8 <../plots/debug.png>]
<../plots/debugoutput.png, id=57, 5216.48875pt x 2845.63126pt>
File: ../plots/debugoutput.png Graphic file (type png)

<use ../plots/debugoutput.png>
Package pdftex.def Info: ../plots/debugoutput.png used on input line 146.
(pdftex.def)             Requested size: 521.67944pt x 284.57979pt.

<../plots/g21_plot01.png, id=58, 578.16pt x 433.62pt>
File: ../plots/g21_plot01.png Graphic file (type png)

<use ../plots/g21_plot01.png>
Package pdftex.def Info: ../plots/g21_plot01.png used on input line 156.
(pdftex.def)             Requested size: 289.07928pt x 216.80946pt.
 [9 <../plots/releaseoutput.png> <../plots/debugoutput.png>]
LaTeX Font Info:    Try loading font information for OML+cmr on input line 159.

 (/usr/local/texlive/2013/texmf-dist/tex/latex/base/omlcmr.fd
File: omlcmr.fd 1999/05/25 v2.5h Standard LaTeX font definitions
)
LaTeX Font Info:    Font shape `OML/cmr/m/n' in size <10.95> not available
(Font)              Font shape `OML/cmm/m/it' tried instead on input line 159.

Underfull \hbox (badness 10000) in paragraph at lines 159--161

 []

<../plots/g21_plot02.png, id=62, 578.16pt x 433.62pt>
File: ../plots/g21_plot02.png Graphic file (type png)

<use ../plots/g21_plot02.png>
Package pdftex.def Info: ../plots/g21_plot02.png used on input line 162.
(pdftex.def)             Requested size: 289.07928pt x 216.80946pt.
 [10 <../plots/g21_plot01.png>]
Underfull \hbox (badness 10000) in paragraph at lines 165--166

 []

<../plots/g21_plot03.png, id=68, 578.16pt x 433.62pt>
File: ../plots/g21_plot03.png Graphic file (type png)

<use ../plots/g21_plot03.png>
Package pdftex.def Info: ../plots/g21_plot03.png used on input line 167.
(pdftex.def)             Requested size: 289.07928pt x 216.80946pt.

Underfull \hbox (badness 10000) in paragraph at lines 170--173

 []

<../plots/g21_plot04.png, id=69, 578.16pt x 433.62pt>
File: ../plots/g21_plot04.png Graphic file (type png)

<use ../plots/g21_plot04.png>
Package pdftex.def Info: ../plots/g21_plot04.png used on input line 174.
(pdftex.def)             Requested size: 289.07928pt x 216.80946pt.
 [11 <../plots/g21_plot02.png> <../plots/g21_plot03.png>]
Underfull \hbox (badness 10000) in paragraph at lines 177--180

 []

<../plots/g21_plot05.png, id=75, 578.16pt x 433.62pt>
File: ../plots/g21_plot05.png Graphic file (type png)

<use ../plots/g21_plot05.png>
Package pdftex.def Info: ../plots/g21_plot05.png used on input line 181.
(pdftex.def)             Requested size: 289.07928pt x 216.80946pt.
 (./cs296_report_21.bbl [12 <../plots/g21_plot04.png> <../plots/g21_plot05.png>
]) [13] (./cs296_report_21.aux) ) 
Here is how much of TeX's memory you used:
 2696 strings out of 493315
 38118 string characters out of 6137904
 104400 words of memory out of 5000000
 6098 multiletter control sequences out of 15000+600000
 10224 words of font info for 37 fonts, out of 8000000 for 9000
 957 hyphenation exceptions out of 8191
 38i,7n,23p,513b,238s stack positions out of 5000i,500n,10000p,200000b,80000s
</usr/local/texlive/2013/texmf-dist/fonts/type
1/public/amsfonts/cm/cmbx10.pfb></usr/local/texlive/2013/texmf-dist/fonts/type1
/public/amsfonts/cm/cmbx12.pfb></usr/local/texlive/2013/texmf-dist/fonts/type1/
public/amsfonts/cm/cmmi10.pfb></usr/local/texlive/2013/texmf-dist/fonts/type1/p
ublic/amsfonts/cm/cmr10.pfb></usr/local/texlive/2013/texmf-dist/fonts/type1/pub
lic/amsfonts/cm/cmr12.pfb></usr/local/texlive/2013/texmf-dist/fonts/type1/publi
c/amsfonts/cm/cmr17.pfb></usr/local/texlive/2013/texmf-dist/fonts/type1/public/
amsfonts/cm/cmti10.pfb></usr/local/texlive/2013/texmf-dist/fonts/type1/public/a
msfonts/cm/cmtt12.pfb>
Output written on cs296_report_21.pdf (13 pages, 3558621 bytes).
PDF statistics:
 113 PDF objects out of 1000 (max. 8388607)
 56 compressed objects within 1 object stream
 0 named destinations out of 1000 (max. 500000)
 96 words of extra memory for PDF output out of 10000 (max. 10000000)

